Build started 5/3/2016 11:24:58 PM.
     1>Project "C:\Dev\Cohort12-Private\Programming II\Final Project\Team A\FieaGameEngine\source\Game.Desktop.DirectX\Game.Desktop.DirectX.vcxproj" on node 2 (Build target(s)).
     1>Link:
         C:\Program Files (x86)\Microsoft Visual Studio 14.0\VC\bin\x86_amd64\link.exe /ERRORREPORT:PROMPT /OUT:"C:\Dev\Cohort12-Private\Programming II\Final Project\Team A\FieaGameEngine\source\Game.Desktop.DirectX\bin\x64\Debug\Game.Desktop.DirectX.exe" /INCREMENTAL /NOLOGO /LIBPATH:"C:\Dev\Cohort12-Private\Programming II\Final Project\Team A\FieaGameEngine\build\..\external\Box2D\bin\x64\Debug\\" /LIBPATH:"C:\Dev\Cohort12-Private\Programming II\Final Project\Team A\FieaGameEngine\build\..\source\Game.Desktop.Shared\bin\x64\Debug\\" /LIBPATH:"C:\Dev\Cohort12-Private\Programming II\Final Project\Team A\FieaGameEngine\build\..\source\Library.Desktop\bin\x64\Debug\\" /LIBPATH:"C:\Dev\Cohort12-Private\Programming II\Final Project\Team A\FieaGameEngine\build\..\external\Library\bin\x64\Debug\\" /LIBPATH:"C:\Dev\Cohort12-Private\Programming II\Final Project\Team A\FieaGameEngine\build\..\external\Expat\lib\x64\Debug\\" /LIBPATH:"C:\Dev\Cohort12-Private\Programming II\Final Project\Team A\FieaGameEngine\build\..\external\FMOD\lib\\" /WX "C:\Dev\Cohort12-Private\Programming II\Final Project\Team A\FieaGameEngine\build\packages\directxtk_desktop_2015.2016.4.26.1\build\native\../../build/native/lib/x64/Debug/DirectXTKAudioDX.lib" "C:\Dev\Cohort12-Private\Programming II\Final Project\Team A\FieaGameEngine\build\packages\directxtk_desktop_2015.2016.4.26.1\build\native\../../build/native/lib/x64/Debug/DirectXTK.lib" Library.Desktop.lib Library.lib d3d11.lib d3dcompiler.lib dinput8.lib dxguid.lib Shlwapi.lib Expat.lib Game.Desktop.Shared.lib Box2D.lib fmodL_vc.lib kernel32.lib user32.lib gdi32.lib winspool.lib comdlg32.lib advapi32.lib shell32.lib ole32.lib oleaut32.lib uuid.lib odbc32.lib odbccp32.lib /MANIFEST /MANIFESTUAC:"level='asInvoker' uiAccess='false'" /manifest:embed /Debug /PDB:"C:\Dev\Cohort12-Private\Programming II\Final Project\Team A\FieaGameEngine\source\Game.Desktop.DirectX\bin\x64\Debug\Game.Desktop.DirectX.pdb" /SUBSYSTEM:WINDOWS /TLBID:1 /DYNAMICBASE /NXCOMPAT /IMPLIB:"C:\Dev\Cohort12-Private\Programming II\Final Project\Team A\FieaGameEngine\source\Game.Desktop.DirectX\bin\x64\Debug\Game.Desktop.DirectX.lib" /MACHINE:X64 "C:\Dev\Cohort12-Private\Programming II\Final Project\Team A\FieaGameEngine\source\Game.Desktop.DirectX\obj\x64\Debug\ActionFlipPlayer.obj"
         "C:\Dev\Cohort12-Private\Programming II\Final Project\Team A\FieaGameEngine\source\Game.Desktop.DirectX\obj\x64\Debug\ActionMovePlayer.obj"
         "C:\Dev\Cohort12-Private\Programming II\Final Project\Team A\FieaGameEngine\source\Game.Desktop.DirectX\obj\x64\Debug\ActionSpriteDraw.obj"
         "C:\Dev\Cohort12-Private\Programming II\Final Project\Team A\FieaGameEngine\source\Game.Desktop.DirectX\obj\x64\Debug\ActionSpriteUpdate.obj"
         "C:\Dev\Cohort12-Private\Programming II\Final Project\Team A\FieaGameEngine\source\Game.Desktop.DirectX\obj\x64\Debug\Camera.obj"
         "C:\Dev\Cohort12-Private\Programming II\Final Project\Team A\FieaGameEngine\source\Game.Desktop.DirectX\obj\x64\Debug\ColorHelper.obj"
         "C:\Dev\Cohort12-Private\Programming II\Final Project\Team A\FieaGameEngine\source\Game.Desktop.DirectX\obj\x64\Debug\DrawableGameComponent.obj"
         "C:\Dev\Cohort12-Private\Programming II\Final Project\Team A\FieaGameEngine\source\Game.Desktop.DirectX\obj\x64\Debug\EntityBackground.obj"
         "C:\Dev\Cohort12-Private\Programming II\Final Project\Team A\FieaGameEngine\source\Game.Desktop.DirectX\obj\x64\Debug\EntityInputHandler.obj"
         "C:\Dev\Cohort12-Private\Programming II\Final Project\Team A\FieaGameEngine\source\Game.Desktop.DirectX\obj\x64\Debug\EntityMovable.obj"
         "C:\Dev\Cohort12-Private\Programming II\Final Project\Team A\FieaGameEngine\source\Game.Desktop.DirectX\obj\x64\Debug\EntityPlayer.obj"
         "C:\Dev\Cohort12-Private\Programming II\Final Project\Team A\FieaGameEngine\source\Game.Desktop.DirectX\obj\x64\Debug\EntityText.obj"
         "C:\Dev\Cohort12-Private\Programming II\Final Project\Team A\FieaGameEngine\source\Game.Desktop.DirectX\obj\x64\Debug\EntityTile.obj"
         "C:\Dev\Cohort12-Private\Programming II\Final Project\Team A\FieaGameEngine\source\Game.Desktop.DirectX\obj\x64\Debug\Game.obj"
         "C:\Dev\Cohort12-Private\Programming II\Final Project\Team A\FieaGameEngine\source\Game.Desktop.DirectX\obj\x64\Debug\GameComponent.obj"
         "C:\Dev\Cohort12-Private\Programming II\Final Project\Team A\FieaGameEngine\source\Game.Desktop.DirectX\obj\x64\Debug\GameException.obj"
         "C:\Dev\Cohort12-Private\Programming II\Final Project\Team A\FieaGameEngine\source\Game.Desktop.DirectX\obj\x64\Debug\Keyboard.obj"
         "C:\Dev\Cohort12-Private\Programming II\Final Project\Team A\FieaGameEngine\source\Game.Desktop.DirectX\obj\x64\Debug\LevelParser.obj"
         "C:\Dev\Cohort12-Private\Programming II\Final Project\Team A\FieaGameEngine\source\Game.Desktop.DirectX\obj\x64\Debug\MatrixHelper.obj"
         "C:\Dev\Cohort12-Private\Programming II\Final Project\Team A\FieaGameEngine\source\Game.Desktop.DirectX\obj\x64\Debug\pch.obj"
         "C:\Dev\Cohort12-Private\Programming II\Final Project\Team A\FieaGameEngine\source\Game.Desktop.DirectX\obj\x64\Debug\Program.obj"
         "C:\Dev\Cohort12-Private\Programming II\Final Project\Team A\FieaGameEngine\source\Game.Desktop.DirectX\obj\x64\Debug\RenderingGame.obj"
         "C:\Dev\Cohort12-Private\Programming II\Final Project\Team A\FieaGameEngine\source\Game.Desktop.DirectX\obj\x64\Debug\RenderTarget.obj"
         "C:\Dev\Cohort12-Private\Programming II\Final Project\Team A\FieaGameEngine\source\Game.Desktop.DirectX\obj\x64\Debug\ServiceContainer.obj"
         "C:\Dev\Cohort12-Private\Programming II\Final Project\Team A\FieaGameEngine\source\Game.Desktop.DirectX\obj\x64\Debug\Sprite.obj"
         "C:\Dev\Cohort12-Private\Programming II\Final Project\Team A\FieaGameEngine\source\Game.Desktop.DirectX\obj\x64\Debug\Utility.obj"
         "C:\Dev\Cohort12-Private\Programming II\Final Project\Team A\FieaGameEngine\source\Game.Desktop.DirectX\obj\x64\Debug\VectorHelper.obj"
         "C:\Dev\Cohort12-Private\Programming II\Final Project\Team A\FieaGameEngine\source\Game.Desktop.Shared\bin\x64\Debug\Game.Desktop.Shared.lib"
         "C:\Dev\Cohort12-Private\Programming II\Final Project\Team A\FieaGameEngine\source\Library.Desktop\bin\x64\Debug\Library.Desktop.lib"
     1>Game.Desktop.Shared.lib(SoundManager.obj) : error LNK2019: unresolved external symbol FMOD_System_Create referenced in function "enum FMOD_RESULT __cdecl FMOD::System_Create(class FMOD::System * *)" (?System_Create@FMOD@@YA?AW4FMOD_RESULT@@PEAPEAVSystem@1@@Z)
     1>Game.Desktop.Shared.lib(SoundManager.obj) : error LNK2019: unresolved external symbol "public: enum FMOD_RESULT __cdecl FMOD::System::getSoftwareFormat(int *,enum FMOD_SPEAKERMODE *,int *)" (?getSoftwareFormat@System@FMOD@@QEAA?AW4FMOD_RESULT@@PEAHPEAW4FMOD_SPEAKERMODE@@0@Z) referenced in function "public: enum FMOD_RESULT __cdecl GameDesktopShared::SoundManager::Play(class std::basic_string<char,struct std::char_traits<char>,class std::allocator<char> >,class std::basic_string<char,struct std::char_traits<char>,class std::allocator<char> >,int)" (?Play@SoundManager@GameDesktopShared@@QEAA?AW4FMOD_RESULT@@V?$basic_string@DU?$char_traits@D@std@@V?$allocator@D@2@@std@@0H@Z)
     1>Game.Desktop.Shared.lib(SoundManager.obj) : error LNK2019: unresolved external symbol "public: enum FMOD_RESULT __cdecl FMOD::System::init(int,unsigned int,void *)" (?init@System@FMOD@@QEAA?AW4FMOD_RESULT@@HIPEAX@Z) referenced in function "public: void __cdecl GameDesktopShared::SoundManager::Initialize(void)" (?Initialize@SoundManager@GameDesktopShared@@QEAAXXZ)
     1>Game.Desktop.Shared.lib(SoundManager.obj) : error LNK2019: unresolved external symbol "public: enum FMOD_RESULT __cdecl FMOD::System::update(void)" (?update@System@FMOD@@QEAA?AW4FMOD_RESULT@@XZ) referenced in function "public: enum FMOD_RESULT __cdecl GameDesktopShared::SoundManager::Update(void)" (?Update@SoundManager@GameDesktopShared@@QEAA?AW4FMOD_RESULT@@XZ)
     1>Game.Desktop.Shared.lib(SoundManager.obj) : error LNK2019: unresolved external symbol "public: enum FMOD_RESULT __cdecl FMOD::System::createSound(char const *,unsigned int,struct FMOD_CREATESOUNDEXINFO *,class FMOD::Sound * *)" (?createSound@System@FMOD@@QEAA?AW4FMOD_RESULT@@PEBDIPEAUFMOD_CREATESOUNDEXINFO@@PEAPEAVSound@2@@Z) referenced in function "public: void __cdecl GameDesktopShared::SoundManager::Initialize(void)" (?Initialize@SoundManager@GameDesktopShared@@QEAAXXZ)
     1>Game.Desktop.Shared.lib(SoundManager.obj) : error LNK2019: unresolved external symbol "public: enum FMOD_RESULT __cdecl FMOD::System::createStream(char const *,unsigned int,struct FMOD_CREATESOUNDEXINFO *,class FMOD::Sound * *)" (?createStream@System@FMOD@@QEAA?AW4FMOD_RESULT@@PEBDIPEAUFMOD_CREATESOUNDEXINFO@@PEAPEAVSound@2@@Z) referenced in function "public: void __cdecl GameDesktopShared::SoundManager::Initialize(void)" (?Initialize@SoundManager@GameDesktopShared@@QEAAXXZ)
     1>Game.Desktop.Shared.lib(SoundManager.obj) : error LNK2019: unresolved external symbol "public: enum FMOD_RESULT __cdecl FMOD::System::playSound(class FMOD::Sound *,class FMOD::ChannelGroup *,bool,class FMOD::Channel * *)" (?playSound@System@FMOD@@QEAA?AW4FMOD_RESULT@@PEAVSound@2@PEAVChannelGroup@2@_NPEAPEAVChannel@2@@Z) referenced in function "public: enum FMOD_RESULT __cdecl GameDesktopShared::SoundManager::Play(class std::basic_string<char,struct std::char_traits<char>,class std::allocator<char> >,class std::basic_string<char,struct std::char_traits<char>,class std::allocator<char> >,int)" (?Play@SoundManager@GameDesktopShared@@QEAA?AW4FMOD_RESULT@@V?$basic_string@DU?$char_traits@D@std@@V?$allocator@D@2@@std@@0H@Z)
     1>Game.Desktop.Shared.lib(SoundManager.obj) : error LNK2019: unresolved external symbol "public: enum FMOD_RESULT __cdecl FMOD::ChannelControl::stop(void)" (?stop@ChannelControl@FMOD@@QEAA?AW4FMOD_RESULT@@XZ) referenced in function "public: enum FMOD_RESULT __cdecl GameDesktopShared::SoundManager::Stop(void)" (?Stop@SoundManager@GameDesktopShared@@QEAA?AW4FMOD_RESULT@@XZ)
     1>Game.Desktop.Shared.lib(SoundManager.obj) : error LNK2019: unresolved external symbol "public: enum FMOD_RESULT __cdecl FMOD::ChannelControl::setVolume(float)" (?setVolume@ChannelControl@FMOD@@QEAA?AW4FMOD_RESULT@@M@Z) referenced in function "public: enum FMOD_RESULT __cdecl GameDesktopShared::SoundManager::SetVolume(class std::basic_string<char,struct std::char_traits<char>,class std::allocator<char> >,float)" (?SetVolume@SoundManager@GameDesktopShared@@QEAA?AW4FMOD_RESULT@@V?$basic_string@DU?$char_traits@D@std@@V?$allocator@D@2@@std@@M@Z)
     1>Game.Desktop.Shared.lib(SoundManager.obj) : error LNK2019: unresolved external symbol "public: enum FMOD_RESULT __cdecl FMOD::ChannelControl::setMode(unsigned int)" (?setMode@ChannelControl@FMOD@@QEAA?AW4FMOD_RESULT@@I@Z) referenced in function "public: enum FMOD_RESULT __cdecl GameDesktopShared::SoundManager::Loop(class std::basic_string<char,struct std::char_traits<char>,class std::allocator<char> >,int)" (?Loop@SoundManager@GameDesktopShared@@QEAA?AW4FMOD_RESULT@@V?$basic_string@DU?$char_traits@D@std@@V?$allocator@D@2@@std@@H@Z)
     1>Game.Desktop.Shared.lib(SoundManager.obj) : error LNK2019: unresolved external symbol "public: enum FMOD_RESULT __cdecl FMOD::ChannelControl::getDSPClock(unsigned __int64 *,unsigned __int64 *)" (?getDSPClock@ChannelControl@FMOD@@QEAA?AW4FMOD_RESULT@@PEA_K0@Z) referenced in function "public: enum FMOD_RESULT __cdecl GameDesktopShared::SoundManager::Play(class std::basic_string<char,struct std::char_traits<char>,class std::allocator<char> >,class std::basic_string<char,struct std::char_traits<char>,class std::allocator<char> >,int)" (?Play@SoundManager@GameDesktopShared@@QEAA?AW4FMOD_RESULT@@V?$basic_string@DU?$char_traits@D@std@@V?$allocator@D@2@@std@@0H@Z)
     1>Game.Desktop.Shared.lib(SoundManager.obj) : error LNK2019: unresolved external symbol "public: enum FMOD_RESULT __cdecl FMOD::ChannelControl::addFadePoint(unsigned __int64,float)" (?addFadePoint@ChannelControl@FMOD@@QEAA?AW4FMOD_RESULT@@_KM@Z) referenced in function "public: enum FMOD_RESULT __cdecl GameDesktopShared::SoundManager::Play(class std::basic_string<char,struct std::char_traits<char>,class std::allocator<char> >,class std::basic_string<char,struct std::char_traits<char>,class std::allocator<char> >,int)" (?Play@SoundManager@GameDesktopShared@@QEAA?AW4FMOD_RESULT@@V?$basic_string@DU?$char_traits@D@std@@V?$allocator@D@2@@std@@0H@Z)
     1>Game.Desktop.Shared.lib(SoundManager.obj) : error LNK2019: unresolved external symbol "public: enum FMOD_RESULT __cdecl FMOD::Channel::setLoopCount(int)" (?setLoopCount@Channel@FMOD@@QEAA?AW4FMOD_RESULT@@H@Z) referenced in function "public: enum FMOD_RESULT __cdecl GameDesktopShared::SoundManager::Loop(class std::basic_string<char,struct std::char_traits<char>,class std::allocator<char> >,int)" (?Loop@SoundManager@GameDesktopShared@@QEAA?AW4FMOD_RESULT@@V?$basic_string@DU?$char_traits@D@std@@V?$allocator@D@2@@std@@H@Z)
     1>C:\Dev\Cohort12-Private\Programming II\Final Project\Team A\FieaGameEngine\build\..\external\FMOD\lib\\fmodL_vc.lib : warning LNK4272: library machine type 'X86' conflicts with target machine type 'x64'
     1>LINK : error LNK1218: warning treated as error; no output file generated
     1>Done Building Project "C:\Dev\Cohort12-Private\Programming II\Final Project\Team A\FieaGameEngine\source\Game.Desktop.DirectX\Game.Desktop.DirectX.vcxproj" (Build target(s)) -- FAILED.

Build FAILED.

Time Elapsed 00:00:00.64
